c:\users\picky\desktop\03_dx9_01_progress_181107\dx9\debug\imgui_demo.obj
c:\users\picky\desktop\03_dx9_01_progress_181107\dx9\debug\imgui_draw.obj
c:\users\picky\desktop\03_dx9_01_progress_181107\dx9\debug\imgui_impl_win32.obj
c:\users\picky\desktop\03_dx9_01_progress_181107\dx9\debug\imgui_widgets.obj
c:\users\picky\desktop\03_dx9_01_progress_181107\dx9\debug\imgui.obj
c:\users\picky\desktop\03_dx9_01_progress_181107\dx9\debug\imgui_impl_dx9.obj
c:\users\picky\desktop\03_dx9_01_progress_181107\dx9\debug\vc141.pdb
c:\users\picky\desktop\03_dx9_01_progress_181107\dx9\debug\dx9.pch
c:\users\picky\desktop\03_dx9_01_progress_181107\dx9\debug\vc141.idb
c:\users\picky\desktop\03_dx9_01_progress_181107\dx9\debug\stdafx.obj
c:\users\picky\desktop\03_dx9_01_progress_181107\dx9\debug\dx9.obj
c:\users\picky\desktop\03_dx9_01_progress_181107\dx9\debug\asemodel.obj
c:\users\picky\desktop\03_dx9_01_progress_181107\dx9\debug\ishader.obj
c:\users\picky\desktop\03_dx9_01_progress_181107\dx9\debug\cloudshader.obj
c:\users\picky\desktop\03_dx9_01_progress_181107\dx9\debug\shadowshader.obj
c:\users\picky\desktop\03_dx9_01_progress_181107\dx9\debug\ray.obj
c:\users\picky\desktop\03_dx9_01_progress_181107\dx9\debug\asewoman.obj
c:\users\picky\desktop\03_dx9_01_progress_181107\dx9\debug\normalmapping.obj
c:\users\picky\desktop\03_dx9_01_progress_181107\dx9\debug\sceneobj.obj
c:\users\picky\desktop\03_dx9_01_progress_181107\dx9\debug\time.obj
c:\users\picky\desktop\03_dx9_01_progress_181107\dx9\debug\idisplayobject.obj
c:\users\picky\desktop\03_dx9_01_progress_181107\dx9\debug\asemodelparts.obj
c:\users\picky\desktop\03_dx9_01_progress_181107\dx9\debug\boundaryshader.obj
c:\users\picky\desktop\03_dx9_01_progress_181107\dx9\debug\hidingshader.obj
c:\users\picky\desktop\03_dx9_01_progress_181107\dx9\debug\textureshader.obj
c:\users\picky\desktop\03_dx9_01_progress_181107\dx9\debug\objects.obj
c:\users\picky\desktop\03_dx9_01_progress_181107\dx9\debug\rectobject.obj
c:\users\picky\desktop\03_dx9_01_progress_181107\dx9\debug\scenegrid.obj
c:\users\picky\desktop\03_dx9_01_progress_181107\dx9\debug\binaryfile.obj
c:\users\picky\desktop\03_dx9_01_progress_181107\dx9\debug\boundary.obj
c:\users\picky\desktop\03_dx9_01_progress_181107\dx9\debug\uibutton.obj
c:\users\picky\desktop\03_dx9_01_progress_181107\dx9\debug\sky.obj
c:\users\picky\desktop\03_dx9_01_progress_181107\dx9\debug\terrain.obj
c:\users\picky\desktop\03_dx9_01_progress_181107\dx9\debug\terraineditorshader.obj
c:\users\picky\desktop\03_dx9_01_progress_181107\dx9\debug\gui.obj
c:\users\picky\desktop\03_dx9_01_progress_181107\dx9\debug\cube.obj
c:\users\picky\desktop\03_dx9_01_progress_181107\dx9\debug\uvwater.obj
c:\users\picky\desktop\03_dx9_01_progress_181107\dx9\debug\debug.obj
c:\users\picky\desktop\03_dx9_01_progress_181107\dx9\debug\application.obj
c:\users\picky\desktop\03_dx9_01_progress_181107\dx9\debug\uitext.obj
c:\users\picky\desktop\03_dx9_01_progress_181107\dx9\debug\skygradient.obj
c:\users\picky\desktop\03_dx9_01_progress_181107\dx9\debug\quadtree.obj
c:\users\picky\desktop\03_dx9_01_progress_181107\dx9\debug\allocatehierarchyhlsl.obj
c:\users\picky\desktop\03_dx9_01_progress_181107\dx9\debug\colorshader.obj
c:\users\picky\desktop\03_dx9_01_progress_181107\dx9\debug\shadowmapshader.obj
c:\users\picky\desktop\03_dx9_01_progress_181107\dx9\debug\frustum.obj
c:\users\picky\desktop\03_dx9_01_progress_181107\dx9\debug\mainui.obj
c:\users\picky\desktop\03_dx9_01_progress_181107\dx9\debug\instancingtest.obj
c:\users\picky\desktop\03_dx9_01_progress_181107\dx9\debug\input.obj
c:\users\picky\desktop\03_dx9_01_progress_181107\dx9\debug\string.obj
c:\users\picky\desktop\03_dx9_01_progress_181107\dx9\debug\dxdefinition.obj
c:\users\picky\desktop\03_dx9_01_progress_181107\dx9\debug\objmap.obj
c:\users\picky\desktop\03_dx9_01_progress_181107\dx9\debug\terraineditor.obj
c:\users\picky\desktop\03_dx9_01_progress_181107\dx9\debug\skygradientshader.obj
c:\users\picky\desktop\03_dx9_01_progress_181107\dx9\debug\assets.obj
c:\users\picky\desktop\03_dx9_01_progress_181107\dx9\debug\path.obj
c:\users\picky\desktop\03_dx9_01_progress_181107\dx9\debug\globaldefinition.obj
c:\users\picky\desktop\03_dx9_01_progress_181107\dx9\debug\uiimage.obj
c:\users\picky\desktop\03_dx9_01_progress_181107\dx9\debug\objloader.obj
c:\users\picky\desktop\03_dx9_01_progress_181107\dx9\debug\shaderdata.obj
c:\users\picky\desktop\03_dx9_01_progress_181107\dx9\debug\scenes.obj
c:\users\picky\desktop\03_dx9_01_progress_181107\dx9\debug\player.obj
c:\users\picky\desktop\03_dx9_01_progress_181107\dx9\debug\shadowmapping.obj
c:\users\picky\desktop\03_dx9_01_progress_181107\dx9\debug\sceneterrain.obj
c:\users\picky\desktop\03_dx9_01_progress_181107\dx9\debug\iuiobject.obj
c:\users\picky\desktop\03_dx9_01_progress_181107\dx9\debug\cloud.obj
c:\users\picky\desktop\03_dx9_01_progress_181107\dx9\debug\skinnedmeshhlsl.obj
c:\users\picky\desktop\03_dx9_01_progress_181107\dx9\debug\lightingshader.obj
c:\users\picky\desktop\03_dx9_01_progress_181107\dx9\debug\toonshader.obj
c:\users\picky\desktop\03_dx9_01_progress_181107\dx9\debug\rendering.obj
c:\users\picky\desktop\03_dx9_01_progress_181107\dx9\debug\grid.obj
c:\users\picky\desktop\03_dx9_01_progress_181107\dx9\debug\shadercube.obj
c:\users\picky\desktop\03_dx9_01_progress_181107\dx9\debug\dx.obj
c:\users\picky\desktop\03_dx9_01_progress_181107\dx9\debug\window.obj
c:\users\picky\desktop\03_dx9_01_progress_181107\dx9\debug\light.obj
c:\users\picky\desktop\03_dx9_01_progress_181107\dx9\debug\aseloader.obj
c:\users\picky\desktop\03_dx9_01_progress_181107\dx9\debug\camera.obj
c:\users\picky\desktop\03_dx9_01_progress_181107\dx9\debug\shaders.obj
c:\users\picky\desktop\03_dx9_01_progress_181107\dx9\debug\envmapping.obj
c:\users\picky\desktop\03_dx9_01_progress_181107\dx9\debug\scenetest.obj
c:\users\picky\desktop\03_dx9_01_progress_181107\debug\dx9.exe
c:\users\picky\desktop\03_dx9_01_progress_181107\debug\dx9.ilk
c:\users\picky\desktop\03_dx9_01_progress_181107\debug\dx9.pdb
c:\users\picky\desktop\03_dx9_01_progress_181107\dx9\debug\dx9.res
c:\users\picky\desktop\03_dx9_01_progress_181107\dx9\debug\dx9.tlog\cl.command.1.tlog
c:\users\picky\desktop\03_dx9_01_progress_181107\dx9\debug\dx9.tlog\cl.read.1.tlog
c:\users\picky\desktop\03_dx9_01_progress_181107\dx9\debug\dx9.tlog\cl.write.1.tlog
c:\users\picky\desktop\03_dx9_01_progress_181107\dx9\debug\dx9.tlog\link.command.1.tlog
c:\users\picky\desktop\03_dx9_01_progress_181107\dx9\debug\dx9.tlog\link.read.1.tlog
c:\users\picky\desktop\03_dx9_01_progress_181107\dx9\debug\dx9.tlog\link.write.1.tlog
c:\users\picky\desktop\03_dx9_01_progress_181107\dx9\debug\dx9.tlog\rc.command.1.tlog
c:\users\picky\desktop\03_dx9_01_progress_181107\dx9\debug\dx9.tlog\rc.read.1.tlog
c:\users\picky\desktop\03_dx9_01_progress_181107\dx9\debug\dx9.tlog\rc.write.1.tlog
